<?xml version="1.0" encoding="UTF-8"?>
<testng-results ignored="0" total="1" passed="1" failed="0" skipped="0">
  <reporter-output>
    <line>
      <![CDATA[Patient list is selected]]>
    </line>
  </reporter-output>
  <suite started-at="2022-07-22T15:21:47 EDT" name="Default suite" finished-at="2022-07-22T15:22:10 EDT" duration-ms="22827">
    <groups>
    </groups>
    <test started-at="2022-07-22T15:21:47 EDT" name="Default test" finished-at="2022-07-22T15:22:10 EDT" duration-ms="22827">
      <class name="testNG_Drchrono.TestNG_RegisterPage">
        <test-method signature="f()[pri:0, instance:testNG_Drchrono.TestNG_RegisterPage@10d307f1]" started-at="2022-07-22T15:21:47 EDT" name="f" finished-at="2022-07-22T15:22:10 EDT" duration-ms="22791" status="PASS">
          <reporter-output>
            <line>
              <![CDATA[Patient list is selected]]>
            </line>
          </reporter-output>
        </test-method> <!-- f -->
      </class> <!-- testNG_Drchrono.TestNG_RegisterPage -->
    </test> <!-- Default test -->
  </suite> <!-- Default suite -->
</testng-results>
